Fecha: 2024-12-01 00:10:18
Proceso: Carga de Ubigeos desde datos
Tipo de error: java.lang.NumberFormatException
Mensaje de error: For input string: "abc"
----------------------------------------
Fecha: 2024-12-01 00:18:28
Proceso: Búsqueda de agrupación política
Tipo de error: java.lang.Exception
Mensaje de error: Agrupación no encontrada
----------------------------------------
Fecha: 2024-12-01 02:04:50
Proceso: Carga de Resultados de Elección desde datos
Tipo de error: java.lang.NullPointerException
Mensaje de error: Cannot invoke "modelo.Dato.getAgrupacion()" because "controlador.Carga_Datos.getDatos()[i]" is null
----------------------------------------
Fecha: 2024-12-01 02:21:46
Proceso: Carga de Resultados de Elección desde datos
Tipo de error: java.lang.NullPointerException
Mensaje de error: Cannot invoke "modelo.Dato.getAgrupacion()" because "controlador.Carga_Datos.getDatos()[i]" is null
----------------------------------------
